[2022-10-28T10:05:29.541Z] error: BAM BAM
[2022-10-28T14:51:27.645Z] error: Cannot read properties of null (reading 'personalInfo')
[2022-10-28T14:52:47.560Z] error: Email already exists.
[2022-10-28T14:54:45.524Z] error: Cannot read properties of null (reading 'personalInfo')
[2022-10-28T15:16:59.946Z] error: The student's EngPot Credits is not enough to plan a lesson.
[2022-10-31T11:14:30.410Z] error: Cast to ObjectId failed for value "{ userId: '635fadcb76e5a08825cb8d6e' }" (type Object) at path "_id" for model "User"
[2022-10-31T11:15:39.784Z] error: Cast to ObjectId failed for value "{ userId: '635fadcb76e5a08825cb8d6e' }" (type Object) at path "_id" for model "User"
[2022-10-31T11:16:35.554Z] error: Found non-callable @@iterator
[2022-10-31T11:19:40.335Z] error: No document found for query "{ _id: new ObjectId("635fadcb76e5a08825cb8d6e") }" on model "DeletedUser"
[2022-10-31T12:16:42.881Z] error: Only regular users can be deleted. Change the account status first.
[2022-10-31T12:17:32.933Z] error: Only regular users can be deleted. Change the account status first.
[2022-10-31T12:17:37.226Z] error: This teacher has student(s), remove student(s) first.
[2022-10-31T12:18:16.684Z] error: Cannot read properties of undefined (reading 'remove')
[2022-10-31T12:18:46.597Z] error: Cannot read properties of undefined (reading 'remove')
[2022-10-31T12:21:14.311Z] error: Cannot read properties of null (reading 'remove')
[2022-10-31T12:22:17.752Z] error: Only regular users can be deleted. Change the account status first.
[2022-10-31T12:22:26.382Z] error: Only regular users can be deleted. Change the account status first.
[2022-10-31T12:22:29.475Z] error: This student has a teacher, remove teacher first.
[2022-10-31T12:22:34.989Z] error: Only regular users can be deleted. Change the account status first.
[2022-10-31T12:22:52.867Z] error: Only regular users can be deleted. Change the account status first.
[2022-10-31T12:25:27.257Z] error: Only regular users can be deleted. Change the account status first.
[2022-10-31T12:25:31.364Z] error: This student has a teacher, remove teacher first.
